  findHand.cpp
C:\Users\somin\source\repos\FindHand\findHand.cpp(110,19): warning C4267: '=': 'size_t'에서 'int'(으)로 변환하면서 데이터가 손실될 수 있습니다.
C:\Users\somin\source\repos\FindHand\findHand.cpp(124,19): warning C4244: '인수': 'double'에서 '_Tp'(으)로 변환하면서 데이터가 손실될 수 있습니다.
          with
          [
              _Tp=int
          ]
C:\Users\somin\source\repos\FindHand\findHand.cpp(124,13): warning C4244: '인수': 'double'에서 '_Tp'(으)로 변환하면서 데이터가 손실될 수 있습니다.
          with
          [
              _Tp=int
          ]
C:\Users\somin\source\repos\FindHand\findHand.cpp(145,32): warning C4244: '=': '_Tp'에서 'float'(으)로 변환하면서 데이터가 손실될 수 있습니다.
          with
          [
              _Tp=int
          ]
C:\Users\somin\source\repos\FindHand\findHand.cpp(146,32): warning C4244: '=': '_Tp'에서 'float'(으)로 변환하면서 데이터가 손실될 수 있습니다.
          with
          [
              _Tp=int
          ]
C:\Users\somin\source\repos\FindHand\findHand.cpp(159,29): warning C4267: '초기화 중': 'size_t'에서 'int'(으)로 변환하면서 데이터가 손실될 수 있습니다.
C:\Users\somin\source\repos\FindHand\findHand.cpp(162,21): warning C4244: '=': 'double'에서 'int'(으)로 변환하면서 데이터가 손실될 수 있습니다.
C:\Users\somin\source\repos\FindHand\findHand.cpp(194,12): warning C4244: '초기화 중': 'float'에서 'int'(으)로 변환하면서 데이터가 손실될 수 있습니다.
C:\Users\somin\source\repos\FindHand\findHand.cpp(212,41): warning C4244: '인수': 'double'에서 '_Tp'(으)로 변환하면서 데이터가 손실될 수 있습니다.
          with
          [
              _Tp=int
          ]
C:\Users\somin\source\repos\FindHand\findHand.cpp(212,29): warning C4244: '인수': 'double'에서 '_Tp'(으)로 변환하면서 데이터가 손실될 수 있습니다.
          with
          [
              _Tp=int
          ]
C:\Users\somin\source\repos\FindHand\findHand.cpp(218,46): warning C4244: '인수': 'double'에서 '_Tp'(으)로 변환하면서 데이터가 손실될 수 있습니다.
          with
          [
              _Tp=int
          ]
C:\Users\somin\source\repos\FindHand\findHand.cpp(236,55): warning C4244: '인수': 'double'에서 '_Tp'(으)로 변환하면서 데이터가 손실될 수 있습니다.
          with
          [
              _Tp=int
          ]
C:\Users\somin\source\repos\FindHand\findHand.cpp(238,16): warning C4244: '인수': 'double'에서 '_Tp'(으)로 변환하면서 데이터가 손실될 수 있습니다.
          with
          [
              _Tp=int
          ]
     C:\Users\somin\source\repos\FindHand\x64\Release\FindHand.lib 라이브러리 및 C:\Users\somin\source\repos\FindHand\x64\Release\FindHand.exp 개체를 생성하고 있습니다.
  코드를 생성하고 있습니다.
  Previous IPDB not found, fall back to full compilation.
  All 423 functions were compiled because no usable IPDB/IOBJ from previous compilation was found.
  코드를 생성했습니다.
  FindHand.vcxproj -> C:\Users\somin\source\repos\FindHand\x64\Release\FindHand.dll
